C51 COMPILER V9.60.7.0   KEYPAD                                                            09/23/2024 13:04:29 PAGE 1   


C51 COMPILER V9.60.7.0, COMPILATION OF MODULE KEYPAD
OBJECT MODULE PLACED IN .\Objects\keypad.obj
COMPILER INVOKED BY: C:\Keil_v5\C51\BIN\C51.EXE keypad.c OPTIMIZE(8,SPEED) BROWSE DEBUG OBJECTEXTEND PRINT(.\Listings\ke
                    -ypad.lst) TABS(2) OBJECT(.\Objects\keypad.obj)

line level    source

   1          #include <reg51.h>
   2          #include "LCD.h"
   3          #include "KEYPAD.h"
   4          #include "SEVEN.h"
   5          
   6          
   7          
   8          
   9          
  10          
  11          sbit c4=P1^0;
  12          sbit c3=P1^1;
  13          sbit c2=P1^2;
  14          sbit c1=P1^3;
  15          sbit r4=P1^4;
  16          sbit r3=P1^5;
  17          sbit r2=P1^6;
  18          sbit r1=P1^7;
  19          
  20          
  21          void keypad ()
  22          {
  23   1        c1=c2=c3=c4=1;
  24   1        r1=0;r2=1;r3=1;r4=1;
  25   1        if(c1==0)
  26   1        {
  27   2          while(c1==0);
  28   2            lcd_char('7');
  29   2            
  30   2        }
  31   1        else if(c2==0)
  32   1        {
  33   2          while(c2==0);
  34   2          lcd_char('8');
  35   2          
  36   2        }
  37   1        else if(c3==0)
  38   1        {
  39   2          while(c3==0);
  40   2          lcd_char('9');
  41   2          
  42   2        }
  43   1        else if(c4==0)
  44   1        {
  45   2          while(c4==0);
  46   2          lcd_char('/');
  47   2        }
  48   1        
  49   1        
  50   1        r1=1;r2=0;r3=1;r4=1;
  51   1        if(c1==0)
  52   1        {
  53   2          while(c1==0);
  54   2            lcd_char('4');
C51 COMPILER V9.60.7.0   KEYPAD                                                            09/23/2024 13:04:29 PAGE 2   

  55   2        }
  56   1        else if(c2==0)
  57   1        {
  58   2          while(c2==0);
  59   2          lcd_char('5');
  60   2        }
  61   1        else if(c3==0)
  62   1        {
  63   2          while(c3==0);
  64   2          lcd_char('6');
  65   2        }
  66   1        else if(c4==0)
  67   1        {
  68   2          while(c4==0);
  69   2          lcd_char('*');
  70   2        }
  71   1        
  72   1        r1=1;r2=1;r3=0;r4=1;
  73   1        if(c1==0)
  74   1        {
  75   2          while(c1==0);
  76   2          lcd_char('1');
  77   2        }
  78   1        else if(c2==0)
  79   1        {
  80   2          while(c2==0);
  81   2          lcd_char('2');
  82   2        }
  83   1        else if(c3==0)
  84   1        {
  85   2          while(c3==0);
  86   2          lcd_char('3');
  87   2        }
  88   1        else if(c4==0)
  89   1        {
  90   2          while(c4==0);
  91   2          lcd_char('-');
  92   2        }
  93   1        
  94   1        
  95   1        r1=1;r2=1;r3=1;r4=0;
  96   1        if(c1==0)
  97   1        {
  98   2          while(c1==0);
  99   2            lcd_command(0x01);
 100   2        }
 101   1        else if(c2==0)
 102   1        {
 103   2          while(c2==0);
 104   2          lcd_char('0');
 105   2        }
 106   1        else if(c3==0)
 107   1        {
 108   2          while(c3==0);
 109   2          lcd_char('=');
 110   2        }
 111   1        else if(c4==0)
 112   1        {
 113   2          while(c4==0);
 114   2          lcd_char('+');
 115   2        }
 116   1        
C51 COMPILER V9.60.7.0   KEYPAD                                                            09/23/2024 13:04:29 PAGE 3   

 117   1      }
 118          
 119          
 120          
 121          
 122          


MODULE INFORMATION:   STATIC OVERLAYABLE
   CODE SIZE        =    206    ----
   CONSTANT SIZE    =   ----    ----
   XDATA SIZE       =   ----    ----
   PDATA SIZE       =   ----    ----
   DATA SIZE        =   ----    ----
   IDATA SIZE       =   ----    ----
   BIT SIZE         =   ----    ----
END OF MODULE INFORMATION.


C51 COMPILATION COMPLETE.  0 WARNING(S),  0 ERROR(S)
