C51 COMPILER V9.60.7.0   LCD                                                               09/23/2024 13:04:28 PAGE 1   


C51 COMPILER V9.60.7.0, COMPILATION OF MODULE LCD
OBJECT MODULE PLACED IN .\Objects\lcd.obj
COMPILER INVOKED BY: C:\Keil_v5\C51\BIN\C51.EXE lcd.c OPTIMIZE(8,SPEED) BROWSE DEBUG OBJECTEXTEND PRINT(.\Listings\lcd.l
                    -st) TABS(2) OBJECT(.\Objects\lcd.obj)

line level    source

   1          #include <reg51.h>
   2          #include "LCD.h"
   3          #include "KEYPAD.h"
   4          #include "SEVEN.h"
   5          #include <string.h>
   6          
   7          #define lcd_data P0
   8          sbit RW=P2^5;
   9          sbit RS=P2^6;
  10          sbit EN=P2^7;
  11          
  12          void lcd_init()
  13          {
  14   1        lcd_command(0x38);
  15   1        lcd_command(0x0C);
  16   1        lcd_command(0x01);
  17   1        lcd_command(0x80);
  18   1      }
  19          
  20          void lcd_command(unsigned char cmd)
  21          {
  22   1        lcd_data=cmd;
  23   1        RW=0;
  24   1        RS=0;
  25   1        EN=1;
  26   1        delay(10);
  27   1        EN=0;
  28   1        delay(10);
  29   1      }
  30          void lcd_char(unsigned char dat)
  31          {
  32   1        lcd_data=dat;
  33   1        RW=0;
  34   1        RS=1;
  35   1        EN=1;
  36   1        delay(10);
  37   1        EN=0;
  38   1        delay(10);
  39   1      }
  40          void lcd_string(unsigned char *str)
  41          {
  42   1        int i;
  43   1        for(i=0; str[i]!=0; i++)
  44   1        {
  45   2          lcd_char(str[i]);
  46   2        }
  47   1        
  48   1      }
  49          void lcd_set_cursor(unsigned char row, unsigned char col)
  50          {
  51   1        unsigned char position;
  52   1        if(row==0)
  53   1        {
  54   2          position=0x80+col;
C51 COMPILER V9.60.7.0   LCD                                                               09/23/2024 13:04:28 PAGE 2   

  55   2        }
  56   1        else
  57   1        {
  58   2          position=0xC0+col;
  59   2        }
  60   1        lcd_command(position);
  61   1      }
  62          
  63          void delay (unsigned int time)
  64          {
  65   1        unsigned int i,j;
  66   1        for(i=0; i<time; i++)
  67   1        for(j=0; j<112; j++);
  68   1        
  69   1      }


MODULE INFORMATION:   STATIC OVERLAYABLE
   CODE SIZE        =    157    ----
   CONSTANT SIZE    =   ----    ----
   XDATA SIZE       =   ----    ----
   PDATA SIZE       =   ----    ----
   DATA SIZE        =   ----       6
   IDATA SIZE       =   ----    ----
   BIT SIZE         =   ----    ----
END OF MODULE INFORMATION.


C51 COMPILATION COMPLETE.  0 WARNING(S),  0 ERROR(S)
