C51 COMPILER V9.60.7.0   MAIN                                                              09/23/2024 13:04:28 PAGE 1   


C51 COMPILER V9.60.7.0, COMPILATION OF MODULE MAIN
OBJECT MODULE PLACED IN .\Objects\main.obj
COMPILER INVOKED BY: C:\Keil_v5\C51\BIN\C51.EXE main.c OPTIMIZE(8,SPEED) BROWSE DEBUG OBJECTEXTEND PRINT(.\Listings\main
                    -.lst) TABS(2) OBJECT(.\Objects\main.obj)

line level    source

   1          
   2          /*
   3          Display the pressed key on the LCD and seven segment display.
   4          */
   5          #include <reg51.h>
   6          #include "LCD.h"
   7          #include "KEYPAD.h"
   8          #include "SEVEN.h"
   9          
  10          void main ()
  11          {
  12   1        
  13   1         lcd_init();
  14   1      
  15   1        while(1)
  16   1        {
  17   2          lcd_command(0x80);
  18   2          lcd_string("ENTER THE KEY");
  19   2          lcd_command(0xC0);
  20   2        keypad();
  21   2        A=1; D=0; C=1;
  22   2        keypad1();
  23   2          
  24   2          
  25   2          
  26   2        }
  27   1      }


MODULE INFORMATION:   STATIC OVERLAYABLE
   CODE SIZE        =     36    ----
   CONSTANT SIZE    =     14    ----
   XDATA SIZE       =   ----    ----
   PDATA SIZE       =   ----    ----
   DATA SIZE        =   ----    ----
   IDATA SIZE       =   ----    ----
   BIT SIZE         =   ----    ----
END OF MODULE INFORMATION.


C51 COMPILATION COMPLETE.  0 WARNING(S),  0 ERROR(S)
