C51 COMPILER V9.60.7.0   LCD                                                               09/10/2024 12:36:40 PAGE 1   


C51 COMPILER V9.60.7.0, COMPILATION OF MODULE LCD
OBJECT MODULE PLACED IN .\Objects\lcd.obj
COMPILER INVOKED BY: C:\Keil_v5\C51\BIN\C51.EXE lcd.c OPTIMIZE(8,SPEED) BROWSE DEBUG OBJECTEXTEND PRINT(.\Listings\lcd.l
                    -st) TABS(2) OBJECT(.\Objects\lcd.obj)

line level    source

   1          #include <reg51.h>
   2          #include "LCD.h"
   3          #include "CALCULATOR.h"
   4          #include <string.h>
   5          
   6          #define lcd_data P0
   7          sbit RW=P2^5;
   8          sbit RS=P2^6;
   9          sbit EN=P2^7;
  10          
  11          void lcd_init()
  12          {
  13   1        lcd_command(0x38);
  14   1        lcd_command(0x0C);
  15   1        lcd_command(0x01);
  16   1        lcd_command(0x80);
  17   1      }
  18          
  19          void lcd_command(unsigned char cmd)
  20          {
  21   1        lcd_data=cmd;
  22   1        RW=0;
  23   1        RS=0;
  24   1        EN=1;
  25   1        delay(10);
  26   1        EN=0;
  27   1        delay(10);
  28   1      }
  29          void lcd_char(unsigned char dat)
  30          {
  31   1        lcd_data=dat;
  32   1        RW=0;
  33   1        RS=1;
  34   1        EN=1;
  35   1        delay(10);
  36   1        EN=0;
  37   1        delay(10);
  38   1      }
  39          void lcd_string(unsigned char *str)
  40          {
  41   1        int i;
  42   1        for(i=0; str[i]!=0; i++)
  43   1        {
  44   2          lcd_char(str[i]);
  45   2        }
  46   1        
  47   1      }
  48          void lcd_set_cursor(unsigned char row, unsigned char col)
  49          {
  50   1        unsigned char position;
  51   1        if(row==0)
  52   1        {
  53   2          position=0x80+col;
  54   2        }
C51 COMPILER V9.60.7.0   LCD                                                               09/10/2024 12:36:40 PAGE 2   

  55   1        else
  56   1        {
  57   2          position=0xC0+col;
  58   2        }
  59   1        lcd_command(position);
  60   1      }
  61          
  62          void delay (unsigned int time)
  63          {
  64   1        unsigned int i,j;
  65   1        for(i=0; i<time; i++)
  66   1        for(j=0; j<112; j++);
  67   1        
  68   1      }


MODULE INFORMATION:   STATIC OVERLAYABLE
   CODE SIZE        =    157    ----
   CONSTANT SIZE    =   ----    ----
   XDATA SIZE       =   ----    ----
   PDATA SIZE       =   ----    ----
   DATA SIZE        =   ----       6
   IDATA SIZE       =   ----    ----
   BIT SIZE         =   ----    ----
END OF MODULE INFORMATION.


C51 COMPILATION COMPLETE.  0 WARNING(S),  0 ERROR(S)
