C51 COMPILER V9.60.7.0   MAIN                                                              09/23/2024 13:01:07 PAGE 1   


C51 COMPILER V9.60.7.0, COMPILATION OF MODULE MAIN
OBJECT MODULE PLACED IN .\Objects\main.obj
COMPILER INVOKED BY: C:\Keil_v5\C51\BIN\C51.EXE main.c OPTIMIZE(8,SPEED) BROWSE DEBUG OBJECTEXTEND PRINT(.\Listings\main
                    -.lst) TABS(2) OBJECT(.\Objects\main.obj)

line level    source

   1          
   2          /*
   3          Display the pressed key on the LCD and seven segment display. 
   4          */
   5          
   6          
   7          #include<reg51.h>
   8          #define lcd P0
   9          sbit rs=P2^6;
  10          sbit rw=P2^5;
  11          sbit en=P2^7;
  12          
  13          sbit r1=P1^0;
  14          sbit r2=P1^1;
  15          sbit r3=P1^2;
  16          sbit r4=P1^3;
  17          sbit c1=P1^4;
  18          sbit c2=P1^5;
  19          sbit c3=P1^6;
  20          sbit c4=P1^7;
  21                            
  22          void lcd_init();
  23          void cmd(unsigned char );
  24          void dat(unsigned char );
  25          lcd_string(unsigned char *);
  26          void delay(unsigned int );
  27          void keypad(void);
  28          void main()
  29          {
  30   1           cmd(0x38);
  31   1              cmd(0x0e);
  32   1              cmd(0x06);
  33   1           lcd_string("Enter the key:");
  34   1         cmd(0xc0);
  35   1           cmd(0x14);
  36   1          
  37   1          while(1) {
  38   2          
  39   2           
  40   2             
  41   2               keypad();
  42   2          
  43   2          
  44   2          }
  45   1      }
  46          void keypad()
  47          {
  48   1          c1=c2=c3=c4=1;
  49   1          r1=0;r2=1;r3=1;r4=1;
  50   1          if(c1==0){
  51   2              while(c1==0);
  52   2              dat('7');
  53   2          } else if(c2==0) {
  54   2              while(c2==0);
C51 COMPILER V9.60.7.0   MAIN                                                              09/23/2024 13:01:07 PAGE 2   

  55   2              dat('8');
  56   2          } else if(c3==0) {
  57   2              while(c3==0);
  58   2              dat('9');
  59   2          } else if(c4==0) {
  60   2              while(c4==0);
  61   2              dat('/');
  62   2          }
  63   1          r1=1;r2=0;r3=1;r4=1;
  64   1          if(c1==0){
  65   2              while(c1==0);
  66   2              dat('4');
  67   2          } else if(c2==0) {
  68   2              while(c2==0);
  69   2              dat('5');
  70   2          } else if(c3==0) {
  71   2              while(c3==0);
  72   2              dat('6');
  73   2          } else if(c4==0) {
  74   2              while(c4==0);
  75   2              dat('*');
  76   2          }
  77   1          r1=1;r2=1;r3=0;r4=1;
  78   1          if(c1==0){
  79   2              while(c1==0);
  80   2              dat('1');
  81   2          } else if(c2==0) {
  82   2              while(c2==0);
  83   2              dat('2');
  84   2          } else if(c3==0) {
  85   2              while(c3==0);
  86   2              dat('3');
  87   2          } else if(c4==0) {
  88   2              while(c4==0);
  89   2              dat('-');
  90   2          }
  91   1          r1=1;r2=1;r3=1;r4=0;
  92   1          if(c1==0){
  93   2              while(c1==0);
  94   2              cmd(0x01);
  95   2          } else if(c2==0) {
  96   2              while(c2==0);
  97   2              dat('0');
  98   2          } else if(c3==0) {
  99   2              while(c3==0);
 100   2              dat('=');
 101   2          } else if(c4==0) {
 102   2              while(c4==0);
 103   2              dat('+');
 104   2          }
 105   1      }
 106          
 107          void cmd(unsigned char x)
 108          {
 109   1              lcd=x;
 110   1              rs=0;
 111   1              rw=0;
 112   1              en=1;
 113   1              delay(1000);
 114   1              en=0;
 115   1      }
 116          void dat(unsigned char y)
C51 COMPILER V9.60.7.0   MAIN                                                              09/23/2024 13:01:07 PAGE 3   

 117          {
 118   1              lcd=y;
 119   1              rs=1;
 120   1              rw=0;
 121   1              en=1;
 122   1              delay(1000);
 123   1              en=0;
 124   1      }
 125          lcd_string(unsigned char *s)
 126          {
 127   1          while(*s)
 128   1              dat(*s++);
 129   1      }
 130          void delay(unsigned int z)
 131          {
 132   1        unsigned int i;
 133   1        for(i=0;i<=z;i++);
 134   1      }
*** WARNING C290 IN LINE 129 OF main.c: missing return value


MODULE INFORMATION:   STATIC OVERLAYABLE
   CODE SIZE        =    328    ----
   CONSTANT SIZE    =     15    ----
   XDATA SIZE       =   ----    ----
   PDATA SIZE       =   ----    ----
   DATA SIZE        =   ----       3
   IDATA SIZE       =   ----    ----
   BIT SIZE         =   ----    ----
END OF MODULE INFORMATION.


C51 COMPILATION COMPLETE.  1 WARNING(S),  0 ERROR(S)
