C51 COMPILER V9.60.7.0   7SD                                                               09/16/2024 10:09:36 PAGE 1   


C51 COMPILER V9.60.7.0, COMPILATION OF MODULE 7SD
OBJECT MODULE PLACED IN .\Objects\7sd.obj
COMPILER INVOKED BY: C:\Keil_v5\C51\BIN\C51.EXE 7sd.c OPTIMIZE(8,SPEED) BROWSE DEBUG OBJECTEXTEND PRINT(.\Listings\7sd.l
                    -st) TABS(2) OBJECT(.\Objects\7sd.obj)

line level    source

   1          #include <reg51.h>
   2          #include "TEMP.h"
   3          
   4          unsigned char indexx=0;
   5          unsigned int select[]={0x0C, 0x08, 0x04, 0x00};
   6          unsigned int massege[]={0x3F, 0x06, 0x5B, 0x4F, 0x66, 0x6D, 0x7D, 0x07, 0x7F, 0x6F};
   7          unsigned char values[4];
   8          
   9          //void display_num7_seg(unsigned char num)
  10          //{
  11          //  int i=3;
  12          //  while(num!=0)
  13          //  {
  14          //    values[i]=num%10;
  15          //    num=num/10;
  16          //    i--;
  17          //  }
  18          //}
  19          
  20          
  21          //void values_on_ssd (void)
  22          //{
  23          //  switch(values[indexx])
  24          //  {
  25          //    case 0:
  26          //    {
  27          //      P2=select[indexx];
  28          //      P0=massege[0];
  29          //    }
  30          //    break;
  31          //    case 1:
  32          //    {
  33          //      P2=select[indexx];
  34          //      P0=massege[1];
  35          //    
  36          //    }
  37          //      break;
  38          //    case 2:
  39          //    {
  40          //      P2=select[indexx];
  41          //      P0=massege[2];
  42          //      
  43          //    }
  44          //      break;
  45          //    case 3:
  46          //    {
  47          //      P2=select[indexx];
  48          //      P0=massege[3];
  49          //      
  50          //    }
  51          //      break;
  52          //    case 4:
  53          //    {
  54          //      P2=select[indexx];
C51 COMPILER V9.60.7.0   7SD                                                               09/16/2024 10:09:36 PAGE 2   

  55          //      P0=massege[4];
  56          //      
  57          //    }
  58          //      break;
  59          //    case 5:
  60          //    {
  61          //      P2=select[indexx];
  62          //      P0=massege[5];
  63          //      
  64          //    }
  65          //      break;
  66          //    case 6:
  67          //    {
  68          //      P2=select[indexx];
  69          //      P0=massege[6];
  70          //      
  71          //    }
  72          //      break;
  73          //    case 7:
  74          //    {
  75          //      P2=select[indexx];
  76          //      P0=massege[7];
  77          //      
  78          //    }
  79          //      break;
  80          //    case 8:
  81          //    {
  82          //      P2=select[indexx];
  83          //      P0=massege[8];
  84          //      
  85          //    }
  86          //      break;
  87          //    case 9:
  88          //    {
  89          //      P2=select[indexx];
  90          //      P0=massege[9];
  91          //    }
  92          //    break;
  93          //    default:
  94          //      break;
  95          //  }
  96          //  indexx+=1;
  97          //  if(indexx>3)
  98          //  {
  99          //    indexx=0;
 100          //  }
 101          //}


MODULE INFORMATION:   STATIC OVERLAYABLE
   CODE SIZE        =   ----    ----
   CONSTANT SIZE    =   ----    ----
   XDATA SIZE       =   ----    ----
   PDATA SIZE       =   ----    ----
   DATA SIZE        =     33    ----
   IDATA SIZE       =   ----    ----
   BIT SIZE         =   ----    ----
END OF MODULE INFORMATION.


C51 COMPILATION COMPLETE.  0 WARNING(S),  0 ERROR(S)
