C51 COMPILER V9.60.7.0   CALCULATOR                                                        09/16/2024 10:09:35 PAGE 1   


C51 COMPILER V9.60.7.0, COMPILATION OF MODULE CALCULATOR
OBJECT MODULE PLACED IN .\Objects\calculator.obj
COMPILER INVOKED BY: C:\Keil_v5\C51\BIN\C51.EXE calculator.c OPTIMIZE(8,SPEED) BROWSE DEBUG OBJECTEXTEND PRINT(.\Listing
                    -s\calculator.lst) TABS(2) OBJECT(.\Objects\calculator.obj)

line level    source

   1          #include <reg51.h>
   2          #include "LCD.h"
   3          #include "CALCULATOR.h"
   4          
   5          //unsigned int y , a=0; b=0;
   6          //unsigned char operator ,flag =0;
   7          
   8          sbit r0 =P1^0;
   9          sbit r1 =P1^1;
  10          sbit r2 =P1^2;
  11          sbit r3 =P1^3;
  12          sbit c0 =P1^4;
  13          sbit c1 =P1^5;
  14          sbit c2 =P1^6;
  15          sbit c3 =P1^7;
  16          
  17          char scan_key();
  18          
  19          int calculator_state(void)
  20          {
  21   1        unsigned int r=0;
  22   1        int k2,k1;
  23   1        char key, key1;
  24   1        unsigned char ch2;
  25   1        
  26   1         lcd_set_cursor(0,0);
  27   1        lcd_string("calculator:");
  28   1        
  29   1        key=scan_key();
  30   1        k2=get_num(key);
  31   1        lcd_set_cursor(1,0);
  32   1        lcd_char(key);
  33   1        
  34   1        
  35   1        ch2=scan_key();
  36   1        lcd_set_cursor(1,1);
  37   1        lcd_char(ch2);
  38   1        
  39   1        
  40   1        key1=scan_key();
  41   1        k1=get_num(key1);
  42   1        lcd_set_cursor(1,2);
  43   1        lcd_char(key1);
  44   1        lcd_set_cursor(1,3);
  45   1        lcd_string("=");
  46   1        lcd_set_cursor(1,4);
  47   1        
  48   1        switch(ch2)
  49   1        {
  50   2          case '+':
  51   2            disp_num(k1+k2);
  52   2          break;
  53   2          case '-':
  54   2            disp_num(k2-k1);
C51 COMPILER V9.60.7.0   CALCULATOR                                                        09/16/2024 10:09:35 PAGE 2   

  55   2          break;
  56   2          case '*':
  57   2            disp_num(k2*k1);
  58   2          break;
  59   2          case '/':
  60   2            disp_num(k2/k1);
  61   2          break;  
  62   2        }
  63   1        return 0;
  64   1        while(scan_key()!=0);
  65   1      }
  66          char scan_key()
  67          {
  68   1        char keypressed='\0';
  69   1      while(!(keypressed == '0'|| keypressed == '1'|| keypressed == '2'|| keypressed == '3'||
  70   1              keypressed == '4'|| keypressed == '5'|| keypressed == '6'|| keypressed == '7'||
  71   1              keypressed == '8'|| keypressed == '9'|| keypressed == '-'|| keypressed == '*'|| 
  72   1              keypressed == '='|| keypressed == '+'|| keypressed == '/'|| keypressed == 'C' ))
  73   1            {
  74   2            r0=0; r1=1;r2=1;r3=1;
  75   2        if(c0==0 && r0==0){keypressed='+';}
  76   2        if(c1==0 && r0==0){keypressed='-';}
  77   2        if(c2==0 && r0==0){keypressed='*';}
  78   2        if(c3==0 && r0==0){keypressed='/';}
  79   2          
  80   2            r0=1; r1=0;r2=1;r3=1;
  81   2        if(c0==0 && r1==0){keypressed='=';}
  82   2        if(c1==0 && r1==0){keypressed='3';}
  83   2        if(c2==0 && r1==0){keypressed='6';}
  84   2        if(c3==0 && r1==0){keypressed='9';}
  85   2        
  86   2            r0=1; r1=1;r2=0;r3=1;
  87   2        if(c0==0 && r2==0){keypressed='0';}
  88   2        if(c1==0 && r2==0){keypressed='2';}
  89   2        if(c2==0 && r2==0){keypressed='5';}
  90   2        if(c3==0 && r2==0){keypressed='8';}
  91   2          
  92   2            r0=1; r1=1;r2=1;r3=0;
  93   2        if(c0==0 && r3==0){keypressed='C';}
  94   2        if(c1==0 && r3==0){keypressed='1';}
  95   2        if(c2==0 && r3==0){keypressed='4';}
  96   2        if(c3==0 && r3==0){keypressed='7';}
  97   2      }
  98   1            delay(1000);
  99   1        return keypressed;
 100   1      }
 101          int get_num (char ch)
 102          {
 103   1        switch(ch)
 104   1        {
 105   2          case '0': return 0; break;
 106   2          case '1': return 1; break;
 107   2          case '2': return 2; break;
 108   2          case '3': return 3; break;
 109   2          case '4': return 4; break;
 110   2          case '5': return 5; break;
 111   2          case '6': return 6; break;
 112   2          case '7': return 7; break;
 113   2          case '8': return 8; break;
 114   2          case '9': return 9; break;
 115   2        }
 116   1        return 0;
C51 COMPILER V9.60.7.0   CALCULATOR                                                        09/16/2024 10:09:35 PAGE 3   

 117   1      }
 118          void disp_num(float num)
 119          {
 120   1        unsigned char unitdigit =0;
 121   1        unsigned char tenthdigit =0;
 122   1        unsigned char decimal =0;
 123   1        int j;
 124   1        int numb;
 125   1         j=(int)(num*10);
 126   1           numb=(int)num;
 127   1         
 128   1        if(numb<0)
 129   1        {
 130   2          numb=-1*numb;
 131   2          lcd_char('-');
 132   2        }   
 133   1        tenthdigit=(numb/10);
 134   1        if(tenthdigit!=0)
 135   1        
 136   1          lcd_char(tenthdigit+0x30);
 137   1          unitdigit=numb - tenthdigit*10;
 138   1        lcd_char(unitdigit+0x30);
 139   1        lcd_char('.');
 140   1        decimal=(j%10)+0x30;
 141   1        lcd_char(decimal);
 142   1        delay(2000);
 143   1        
 144   1        
 145   1      }
 146          
 147          
 148          
 149          
 150          
 151          
 152          
 153          
 154          
 155          
 156          // another code 
 157          //char key='\0';
 158          //void row ()
 159          //{
 160          //  r1=0;r2=1;r3=1;r4=1;     //FOR ROW 1
 161          //  if(c1==0)
 162          //  {
 163          //    delay(30);
 164          //    while(c1==0)
 165          //    {
 166          //      lcd_char('7');
 167          //      if(flag==0)
 168          //      {
 169          //        a =a*10 +7;
 170          //      }
 171          //      else
 172          //      {
 173          //        b=b*10+7;
 174          //      }
 175          //    }
 176          //  }
 177          //  
 178          //  
C51 COMPILER V9.60.7.0   CALCULATOR                                                        09/16/2024 10:09:35 PAGE 4   

 179          //  
 180          //  if(c2==0)
 181          //  {
 182          //    delay(30);
 183          //    while(c2==0)
 184          //    {
 185          //      lcd_char('8');
 186          //      if(flag==0)
 187          //      {
 188          //        a=a*10 +8;
 189          //      }
 190          //      else
 191          //      {
 192          //        b=b*10 +8;
 193          //      }
 194          //    }
 195          //  }   
 196          //  
 197          //  if(c3==0)
 198          //  {
 199          //    delay(30);
 200          //    while(c3==0)
 201          //    {
 202          //    lcd_char ('9');
 203          //      if(flag==0)
 204          //      {
 205          //        a=a*10 +9;
 206          //      }
 207          //      else
 208          //      {
 209          //        b=b*10 +9;
 210          //      }
 211          //    }     
 212          //  }
 213          //  
 214          //  
 215          //  if(c4==0)
 216          //  {
 217          //    delay(30);
 218          //    while(c4==0)
 219          //    {
 220          //    lcd_char ('/');
 221          //      flag=1;
 222          //      operator='/';
 223          //    }     
 224          //  }
 225          //  
 226          //  r1=1;r2=0;r3=1;r4=1;    //FOR ROW 2
 227          //  
 228          //  if(c1==0)
 229          //  {
 230          //    delay(30);
 231          //    while(c1==0)
 232          //    {
 233          //      lcd_char('4');
 234          //      if(flag==0)
 235          //      {
 236          //        a=a*10 +4;
 237          //      }
 238          //      else
 239          //      {
 240          //        b=b*10 +4;
C51 COMPILER V9.60.7.0   CALCULATOR                                                        09/16/2024 10:09:35 PAGE 5   

 241          //      }
 242          //    }
 243          //  }
 244          //  
 245          //  
 246          //  if(c2==0)
 247          //  {
 248          //    delay(30);
 249          //    while(c2==0)
 250          //    {
 251          //      lcd_char('5');
 252          //      if(flag==0)
 253          //      {
 254          //        a=a*10 +5;
 255          //      }
 256          //      else
 257          //      {
 258          //        b=b*10 +5;
 259          //      }
 260          //    }
 261          //  }
 262          //  
 263          //  if(c3==0)
 264          //  {
 265          //    delay(30);
 266          //    while(c3==0)
 267          //    {
 268          //      lcd_char('6');
 269          //      if(flag==0)
 270          //      {
 271          //        a=a*10 +6;
 272          //      }
 273          //      else
 274          //      {
 275          //        b=b*10 +6;
 276          //      }
 277          //    }
 278          //  }
 279          //  
 280          //  if(c4==0)
 281          //  {
 282          //    delay(30);
 283          //    while(c4==0)
 284          //    {
 285          //      lcd_char('X');
 286          //      flag=1;
 287          //      operator='X';
 288          //    }
 289          //  }
 290          //  
 291          //  r1=1;r2=1;r3=0;r4=1; //for row 3
 292          //  if(c1==0)
 293          //  {
 294          //    delay(30);
 295          //    while(c1==0)
 296          //    {
 297          //      lcd_char('1');
 298          //      if(flag==0)
 299          //      {
 300          //        a=a*10 +1;
 301          //      }
 302          //      else
C51 COMPILER V9.60.7.0   CALCULATOR                                                        09/16/2024 10:09:35 PAGE 6   

 303          //      {
 304          //        b=b*10 +1;
 305          //      }
 306          //    }
 307          //  }
 308          //  
 309          //  if(c2==0)
 310          //  {
 311          //    delay(30);
 312          //    while(c2==0)
 313          //    {
 314          //      lcd_char('2');
 315          //      if(flag==0)
 316          //      {
 317          //        a=a*10 +2;
 318          //      }
 319          //      else
 320          //      {
 321          //        b=b*10 +2;
 322          //      }
 323          //    }
 324          //  }
 325          //  
 326          //  if(c3==0)
 327          //  {
 328          //    delay(30);
 329          //    while(c3==0)
 330          //    {
 331          //      lcd_char('3');
 332          //      if(flag==0)
 333          //      {
 334          //        a=a*10 +3;
 335          //      }
 336          //      else
 337          //      {
 338          //        b=b*10 +3;
 339          //      }
 340          //    }
 341          //  }
 342          //  
 343          //  if(c4==0)
 344          //  {
 345          //    delay(30);
 346          //    while(c4==0)
 347          //    {
 348          //      lcd_char('-');
 349          //    flag=1;
 350          //      operator='-';
 351          //      
 352          //    }
 353          //  }
 354          //  
 355          //  r1=1;r2=1;r3=1;r4=0;
 356          //  if(c1==0)
 357          //  {
 358          //    delay(30);
 359          //    while(c1==0)
 360          //    {
 361          //      lcd_command(0x01);
 362          //      flag= a=b= 0;
 363          //      
 364          //    }
C51 COMPILER V9.60.7.0   CALCULATOR                                                        09/16/2024 10:09:35 PAGE 7   

 365          //  }
 366          //  
 367          //  
 368          //    r1=1;r2=1;r3=1;r4=0;            // for state
 369          //  if(c1==0)
 370          //  {
 371          //    delay(30);
 372          //    while(c1==0)
 373          //    {
 374          //      lcd_char('C');  
 375          //      key='C';
 376          //    }
 377          //  }
 378          //  
 379          //  
 380          //  
 381          //  
 382          //  
 383          //  
 384          //  
 385          //  
 386          //  
 387          //  
 388          //  if(c2==0)
 389          //  {
 390          //    delay(30);
 391          //    while(c2==0)
 392          //    {
 393          //      lcd_char('0');
 394          //      if(flag==0)
 395          //      {
 396          //        a=a*10 +0;
 397          //      }
 398          //      else
 399          //      {
 400          //        b=b*10 +0;
 401          //      }
 402          //    }
 403          //  }
 404          //  
 405          //  if(c3==0)
 406          //  {
 407          //    delay(30);
 408          //    while(c3==0)
 409          //    {
 410          //      lcd_char('=');
 411          //      flag=1;
 412          //      calculate();
 413          //        
 414          //    
 415          //    }
 416          //  }
 417          //  if(c4==0)
 418          //  {
 419          //    delay(30);
 420          //    while(c4==0)
 421          //    {
 422          //      lcd_char('+');
 423          //      flag=1;
 424          //      operator='+';
 425          //    }
 426          //  }
C51 COMPILER V9.60.7.0   CALCULATOR                                                        09/16/2024 10:09:35 PAGE 8   

 427          //  
 428          //}
 429          
 430          //void calculate ()
 431          //{
 432          //  lcd_command(0xC0);
 433          //  if(operator=='+')
 434          //  {
 435          //    send_data(a+b);
 436          //  }
 437          //  if(operator=='-')
 438          //  {
 439          //    if(a>b)
 440          //    {
 441          //      send_data(a - b);
 442          //    }
 443          //    else if(a==b)
 444          //    {
 445          //      send_data(a-b);
 446          //    }
 447          //    else
 448          //    {
 449          //      lcd_char('-');
 450          //      send_data(b - a);
 451          //    }
 452          //  }
 453          //  if(operator=='/')
 454          //  {
 455          //    if(b != 0)
 456          //    {
 457          //      send_data(a/b);
 458          //    }
 459          //    else
 460          //    {
 461          //      lcd_command(0x01);
 462          //      lcd_string("ERROR");
 463          //    }
 464          //  }
 465          //  if(operator=='X')
 466          //  {
 467          //    send_data(a*b);
 468          //  }
 469          //}
 470          
 471          //void  send_data (unsigned int x)
 472          //{
 473          //  
 474          //  if(x>9999)
 475          //  {
 476          //    y=x/10000;
 477          //    lcd_char(y+0x30);
 478          //    x=x%10000;
 479          //    y=x/1000;
 480          //    lcd_char(y+0x30);
 481          //    x=x%1000;
 482          //    y=x/100;
 483          //    lcd_char(y+0x30);
 484          //    x=x%100;
 485          //    y=x/10;
 486          //    lcd_char(y+0x30);
 487          //    y=x%10;
 488          //    lcd_char(y+0x30);
C51 COMPILER V9.60.7.0   CALCULATOR                                                        09/16/2024 10:09:35 PAGE 9   

 489          //  }
 490          //  else if(x>999 && x<9999)
 491          //  {
 492          //    y=x/1000;
 493          //    lcd_char(y+0x30);
 494          //    x=x%1000;
 495          //    y=x/100;
 496          //    lcd_char(y+0x30);
 497          //    x=x%100;
 498          //    y=x/10;
 499          //    lcd_char(y+0x30);
 500          //    y=x%10;
 501          //    lcd_char(y+0x30);
 502          //  }
 503          //  else if(x>99 && x<999)
 504          //  {
 505          //    y=x/100;
 506          //    lcd_char(y+0x30);
 507          //    x=x%100;
 508          //    y=x/10;
 509          //    lcd_char(y+0x30);
 510          //    y=x%10;
 511          //    lcd_char(y+0x30);
 512          //  }
 513          //  else if(x>9 && x<99)
 514          //  {
 515          //    y=x/10;
 516          //    lcd_char(y+0x30);
 517          //    y=x%10;
 518          //    lcd_char(y+0x30);
 519          //  }
 520          //  else
 521          //  {
 522          //    lcd_char(x+0x30);
 523          //  }
 524          //}
 525          
 526          
 527          //void calculator_state ()
 528          //{
 529          //  lcd_init();
 530          //  lcd_command(0x80);
 531          //  lcd_string("simple");
 532          //  lcd_command(0xC0);
 533          //  lcd_string("calculator");
 534          //  delay(150);
 535          //  lcd_command(0x01);
 536          //  while(1)
 537          //  {
 538          //    row();
 539          //  }
 540          //}
 541          
 542            
 543          
 544          


MODULE INFORMATION:   STATIC OVERLAYABLE
   CODE SIZE        =    791    ----
   CONSTANT SIZE    =     14    ----
   XDATA SIZE       =   ----    ----
C51 COMPILER V9.60.7.0   CALCULATOR                                                        09/16/2024 10:09:35 PAGE 10  

   PDATA SIZE       =   ----    ----
   DATA SIZE        =   ----      21
   IDATA SIZE       =   ----    ----
   BIT SIZE         =   ----    ----
END OF MODULE INFORMATION.


C51 COMPILATION COMPLETE.  0 WARNING(S),  0 ERROR(S)
